2021-05-02 18:38:41,449 - src.utils - INFO - Loading and Processing data...
2021-05-02 18:38:47,442 - src.utils - INFO - Calculating class weights
2021-05-02 18:38:47,446 - src.utils - INFO - Training model...
2021-05-02 18:38:47,979 - src.utils - INFO - Training f1 score is:0.7677752371591335
2021-05-02 18:38:47,979 - src.utils - INFO - Cross validating model with cv = 5
2021-05-02 18:38:51,351 - src.utils - INFO - Mean Cross validation f1 score is:0.7451607874954906
2021-05-02 18:38:51,352 - src.utils - INFO - List of cross val f1 score is:[0.75708745 0.72718214 0.73701329 0.7529036  0.75161745]
2021-05-02 18:38:51,353 - src.utils - INFO - Saving model...
2021-05-06 16:06:27,991 - src.utils - INFO - Loading data...
2021-05-06 16:06:28,800 - src.utils - INFO - Splitting data into training and testing set.
2021-05-06 16:06:29,035 - src.utils - INFO - Saving splitted data...
2021-05-06 16:09:00,666 - src.utils - INFO - Loading and Processing data...
2021-05-06 16:14:10,393 - src.utils - INFO - Loading and Processing data...
2021-05-06 16:14:19,704 - src.utils - INFO - Calculating class weights
2021-05-06 16:14:19,718 - src.utils - INFO - Training model...
2021-05-06 16:14:21,009 - src.utils - INFO - Training f1 score is:0.7677752371591335
2021-05-06 16:14:21,010 - src.utils - INFO - Cross validating model with cv = 5
2021-05-06 16:14:25,951 - src.utils - INFO - Mean Cross validation f1 score is:0.7451607874954906
2021-05-06 16:14:25,953 - src.utils - INFO - List of cross val f1 score is:[0.75708745 0.72718214 0.73701329 0.7529036  0.75161745]
2021-05-06 16:14:25,953 - src.utils - INFO - Saving model...
2021-05-06 23:39:02,193 - src.utils - INFO - Loading data...
2021-05-06 23:39:02,782 - src.utils - INFO - Splitting data into training and testing set.
2021-05-06 23:39:02,943 - src.utils - INFO - Saving splitted data...
2021-05-06 23:44:26,756 - src.utils - INFO - Loading and Processing data...
2021-05-06 23:44:36,285 - src.utils - INFO - Calculating class weights
2021-05-06 23:44:36,295 - src.utils - INFO - Training model...
2021-05-06 23:44:37,832 - src.utils - INFO - Training f1 score is:0.7677752371591335
2021-05-06 23:44:37,832 - src.utils - INFO - Cross validating model with cv = 5
2021-05-06 23:44:42,747 - src.utils - INFO - Mean Cross validation f1 score is:0.7451607874954906
2021-05-06 23:44:42,749 - src.utils - INFO - List of cross val f1 score is:[0.75708745 0.72718214 0.73701329 0.7529036  0.75161745]
2021-05-06 23:44:42,750 - src.utils - INFO - Saving model...
2021-05-07 15:51:21,247 - src.utils - INFO - Loading data...
2021-05-07 15:51:21,677 - src.utils - INFO - Splitting data into training and testing set.
2021-05-07 15:51:21,719 - src.utils - INFO - Saving splitted data...
2021-05-07 15:52:47,637 - src.utils - INFO - Loading and Processing data...
2021-05-07 15:52:54,410 - src.utils - INFO - Calculating class weights
2021-05-07 15:52:54,413 - src.utils - INFO - Training model...
2021-05-07 15:52:54,967 - src.utils - INFO - Training f1 score is:0.7677752371591335
2021-05-07 15:52:54,968 - src.utils - INFO - Cross validating model with cv = 5
2021-05-07 15:52:57,763 - src.utils - INFO - Mean Cross validation f1 score is:0.7451607874954906
2021-05-07 15:52:57,764 - src.utils - INFO - List of cross val f1 score is:[0.75708745 0.72718214 0.73701329 0.7529036  0.75161745]
2021-05-07 15:52:57,764 - src.utils - INFO - Saving model...
